01:19:12.309 [main] INFO  stepDefinitions.HomePageSteps - element click intercepted: Element is not clickable at point (435, 1154)
  (Session info: chrome=108.0.5359.125)
Build info: version: '4.7.1', revision: 'c6795baf1a3'
System info: os.name: 'Windows 10', os.arch: 'amd64', os.version: '10.0', java.version: '17.0.5'
Driver info: org.openqa.selenium.chrome.ChromeDriver
Command: [ffb55988dc3d6547a21f548de5eb9f8a, clickElement {id=243a02f1-b61b-43c3-88ed-afcbbd8324c0}]
Capabilities {acceptInsecureCerts: false, browserName: chrome, browserVersion: 108.0.5359.125, chrome: {chromedriverVersion: 108.0.5359.71 (1e0e3868ee06..., userDataDir: C:\Users\PRIYAN~1.SHA\AppDa...}, goog:chromeOptions: {debuggerAddress: localhost:60562}, networkConnectionEnabled: false, pageLoadStrategy: normal, platformName: WINDOWS, proxy: Proxy(), se:cdp: ws://localhost:60562/devtoo..., se:cdpVersion: 108.0.5359.125, setWindowRect: true, strictFileInteractability: false, timeouts: {implicit: 0, pageLoad: 300000, script: 30000}, unhandledPromptBehavior: dismiss and notify, webauthn:extension:credBlob: true, webauthn:extension:largeBlob: true, webauthn:virtualAuthenticators: true}
Element: [[ChromeDriver: chrome on WINDOWS (ffb55988dc3d6547a21f548de5eb9f8a)] -> xpath: //button[@type='submit']]
Session ID: ffb55988dc3d6547a21f548de5eb9f8a
01:19:42.924 [main] INFO  stepDefinitions.HomePageSteps - Expected condition failed: waiting for element to be clickable: Proxy element for: DefaultElementLocator 'By.xpath: //div[@class='alert alert-success']' (tried for 15 second(s) with 500 milliseconds interval)
01:22:25.670 [main] INFO  stepDefinitions.HomePageSteps - element click intercepted: Element is not clickable at point (435, 1218)
  (Session info: chrome=108.0.5359.125)
Build info: version: '4.7.1', revision: 'c6795baf1a3'
System info: os.name: 'Windows 10', os.arch: 'amd64', os.version: '10.0', java.version: '17.0.5'
Driver info: org.openqa.selenium.chrome.ChromeDriver
Command: [1879e0e207b9d1a9363be172ee027d26, clickElement {id=3f51d822-7c85-40cd-87ee-8334cebb72b9}]
Capabilities {acceptInsecureCerts: false, browserName: chrome, browserVersion: 108.0.5359.125, chrome: {chromedriverVersion: 108.0.5359.71 (1e0e3868ee06..., userDataDir: C:\Users\PRIYAN~1.SHA\AppDa...}, goog:chromeOptions: {debuggerAddress: localhost:60918}, networkConnectionEnabled: false, pageLoadStrategy: normal, platformName: WINDOWS, proxy: Proxy(), se:cdp: ws://localhost:60918/devtoo..., se:cdpVersion: 108.0.5359.125, setWindowRect: true, strictFileInteractability: false, timeouts: {implicit: 0, pageLoad: 300000, script: 30000}, unhandledPromptBehavior: dismiss and notify, webauthn:extension:credBlob: true, webauthn:extension:largeBlob: true, webauthn:virtualAuthenticators: true}
Element: [[ChromeDriver: chrome on WINDOWS (1879e0e207b9d1a9363be172ee027d26)] -> xpath: //button[@type='submit']]
Session ID: 1879e0e207b9d1a9363be172ee027d26
01:22:39.731 [main] INFO  stepDefinitions.HomePageSteps - One or more profile fields were not updated correctly.
01:28:58.447 [main] INFO  stepDefinitions.HomePageSteps - One or more profile fields were not updated correctly.
16:02:58.352 [main] INFO  stepDefinitions.HomePageSteps - One or more profile fields were not updated correctly.
16:07:20.452 [main] INFO  stepDefinitions.HomePageSteps - One or more profile fields were not updated correctly.
16:11:24.302 [main] INFO  stepDefinitions.HomePageSteps - Profile values updated correctly.
23:52:44.826 [main] INFO  stepDefinitions.HomePageSteps - element not interactable
  (Session info: chrome=108.0.5359.125)
Build info: version: '4.7.1', revision: 'c6795baf1a3'
System info: os.name: 'Windows 10', os.arch: 'amd64', os.version: '10.0', java.version: '17.0.5'
Driver info: org.openqa.selenium.chrome.ChromeDriver
Command: [8a1ac870661ab5060316e3a7c70b7317, sendKeysToElement {id=d7764591-bbf6-4479-9b6e-f36c12ce5db5, value=[Ljava.lang.CharSequence;@454bcbbf}]
Capabilities {acceptInsecureCerts: false, browserName: chrome, browserVersion: 108.0.5359.125, chrome: {chromedriverVersion: 108.0.5359.71 (1e0e3868ee06..., userDataDir: C:\Users\PRIYAN~1.SHA\AppDa...}, goog:chromeOptions: {debuggerAddress: localhost:61892}, networkConnectionEnabled: false, pageLoadStrategy: normal, platformName: WINDOWS, proxy: Proxy(), se:cdp: ws://localhost:61892/devtoo..., se:cdpVersion: 108.0.5359.125, setWindowRect: true, strictFileInteractability: false, timeouts: {implicit: 0, pageLoad: 300000, script: 30000}, unhandledPromptBehavior: dismiss and notify, webauthn:extension:credBlob: true, webauthn:extension:largeBlob: true, webauthn:virtualAuthenticators: true}
Element: [[ChromeDriver: chrome on WINDOWS (8a1ac870661ab5060316e3a7c70b7317)] -> id: select2-hotels_city-container]
Session ID: 8a1ac870661ab5060316e3a7c70b7317
23:55:57.343 [main] INFO  stepDefinitions.HomePageSteps - element not interactable
  (Session info: chrome=108.0.5359.125)
Build info: version: '4.7.1', revision: 'c6795baf1a3'
System info: os.name: 'Windows 10', os.arch: 'amd64', os.version: '10.0', java.version: '17.0.5'
Driver info: org.openqa.selenium.chrome.ChromeDriver
Command: [d32ad5b54641fb6ec30ba6bb8b010f83, sendKeysToElement {id=c65b8dd6-073f-4189-b2ee-350a806cd55a, value=[Ljava.lang.CharSequence;@454bcbbf}]
Capabilities {acceptInsecureCerts: false, browserName: chrome, browserVersion: 108.0.5359.125, chrome: {chromedriverVersion: 108.0.5359.71 (1e0e3868ee06..., userDataDir: C:\Users\PRIYAN~1.SHA\AppDa...}, goog:chromeOptions: {debuggerAddress: localhost:62223}, networkConnectionEnabled: false, pageLoadStrategy: normal, platformName: WINDOWS, proxy: Proxy(), se:cdp: ws://localhost:62223/devtoo..., se:cdpVersion: 108.0.5359.125, setWindowRect: true, strictFileInteractability: false, timeouts: {implicit: 0, pageLoad: 300000, script: 30000}, unhandledPromptBehavior: dismiss and notify, webauthn:extension:credBlob: true, webauthn:extension:largeBlob: true, webauthn:virtualAuthenticators: true}
Element: [[ChromeDriver: chrome on WINDOWS (d32ad5b54641fb6ec30ba6bb8b010f83)] -> class name: select2-selection__rendered]
Session ID: d32ad5b54641fb6ec30ba6bb8b010f83
23:59:57.222 [main] INFO  stepDefinitions.HomePageSteps - element click intercepted: Element <span class="select2-selection__rendered" id="select2-hotels_city-container" role="textbox" aria-readonly="true" title="..."> Search by City</span> is not clickable at point (301, 266). Other element would receive the click: <input class="select2-search__field" type="search" tabindex="0" autocomplete="off" autocorrect="off" autocapitalize="none" spellcheck="false" role="searchbox" aria-autocomplete="list" aria-controls="select2-hotels_city-results">
  (Session info: chrome=108.0.5359.125)
Build info: version: '4.7.1', revision: 'c6795baf1a3'
System info: os.name: 'Windows 10', os.arch: 'amd64', os.version: '10.0', java.version: '17.0.5'
Driver info: org.openqa.selenium.chrome.ChromeDriver
Command: [fc316ab0f1defc4c4922c5fee4724c92, clickElement {id=85c81bf7-1c94-4944-bc80-af46f54c409c}]
Capabilities {acceptInsecureCerts: false, browserName: chrome, browserVersion: 108.0.5359.125, chrome: {chromedriverVersion: 108.0.5359.71 (1e0e3868ee06..., userDataDir: C:\Users\PRIYAN~1.SHA\AppDa...}, goog:chromeOptions: {debuggerAddress: localhost:62640}, networkConnectionEnabled: false, pageLoadStrategy: normal, platformName: WINDOWS, proxy: Proxy(), se:cdp: ws://localhost:62640/devtoo..., se:cdpVersion: 108.0.5359.125, setWindowRect: true, strictFileInteractability: false, timeouts: {implicit: 0, pageLoad: 300000, script: 30000}, unhandledPromptBehavior: dismiss and notify, webauthn:extension:credBlob: true, webauthn:extension:largeBlob: true, webauthn:virtualAuthenticators: true}
Element: [[ChromeDriver: chrome on WINDOWS (fc316ab0f1defc4c4922c5fee4724c92)] -> class name: select2-selection__rendered]
Session ID: fc316ab0f1defc4c4922c5fee4724c92
14:50:17.704 [main] INFO  stepDefinitions.HomePageSteps - Expected condition failed: waiting for element to be clickable: [[ChromeDriver: chrome on WINDOWS (2e1d0155fb5fc2d52af8ecf5691437bb)] -> xpath: (//div[@class='datepicker dropdown-menu'])[2]] (tried for 15 second(s) with 500 milliseconds interval)
Build info: version: '4.7.1', revision: 'c6795baf1a3'
System info: os.name: 'Windows 10', os.arch: 'amd64', os.version: '10.0', java.version: '17.0.5'
Driver info: org.openqa.selenium.chrome.ChromeDriver
Capabilities {acceptInsecureCerts: false, browserName: chrome, browserVersion: 108.0.5359.125, chrome: {chromedriverVersion: 108.0.5359.71 (1e0e3868ee06..., userDataDir: C:\Users\PRIYAN~1.SHA\AppDa...}, goog:chromeOptions: {debuggerAddress: localhost:54022}, networkConnectionEnabled: false, pageLoadStrategy: normal, platformName: WINDOWS, proxy: Proxy(), se:cdp: ws://localhost:54022/devtoo..., se:cdpVersion: 108.0.5359.125, setWindowRect: true, strictFileInteractability: false, timeouts: {implicit: 0, pageLoad: 300000, script: 30000}, unhandledPromptBehavior: dismiss and notify, webauthn:extension:credBlob: true, webauthn:extension:largeBlob: true, webauthn:virtualAuthenticators: true}
Session ID: 2e1d0155fb5fc2d52af8ecf5691437bb
23:41:59.116 [main] INFO  stepDefinitions.HomePageSteps - no such element: Unable to locate element: {"method":"xpath","selector":"/html/body/section[1]/section/div/div/form/div/div/div[3]/div/div/div/div/ol/li[11]/div/div/div/select"}
  (Session info: chrome=108.0.5359.125)
For documentation on this error, please visit: https://selenium.dev/exceptions/#no_such_element
Build info: version: '4.7.1', revision: 'c6795baf1a3'
System info: os.name: 'Windows 10', os.arch: 'amd64', os.version: '10.0', java.version: '17.0.5'
Driver info: org.openqa.selenium.chrome.ChromeDriver
Command: [307e5e21a9a3715a55888dc37ec098e5, findChildElement {id=86478087-9921-4d7e-88e5-00e9a997f3fb, using=xpath, value=/html/body/section[1]/section/div/div/form/div/div/div[3]/div/div/div/div/ol/li[11]/div/div/div/select}]
Capabilities {acceptInsecureCerts: false, browserName: chrome, browserVersion: 108.0.5359.125, chrome: {chromedriverVersion: 108.0.5359.71 (1e0e3868ee06..., userDataDir: C:\Users\PRIYAN~1.SHA\AppDa...}, goog:chromeOptions: {debuggerAddress: localhost:53702}, networkConnectionEnabled: false, pageLoadStrategy: normal, platformName: WINDOWS, proxy: Proxy(), se:cdp: ws://localhost:53702/devtoo..., se:cdpVersion: 108.0.5359.125, setWindowRect: true, strictFileInteractability: false, timeouts: {implicit: 0, pageLoad: 300000, script: 30000}, unhandledPromptBehavior: dismiss and notify, webauthn:extension:credBlob: true, webauthn:extension:largeBlob: true, webauthn:virtualAuthenticators: true}
Session ID: 307e5e21a9a3715a55888dc37ec098e5
23:43:36.800 [main] INFO  stepDefinitions.HomePageSteps - no such element: Unable to locate element: {"method":"xpath","selector":"/html/body/section[1]/section/div/div/form/div/div/div[3]/div/div/div/div/ol/li[0]/div/div/div/select"}
  (Session info: chrome=108.0.5359.125)
For documentation on this error, please visit: https://selenium.dev/exceptions/#no_such_element
Build info: version: '4.7.1', revision: 'c6795baf1a3'
System info: os.name: 'Windows 10', os.arch: 'amd64', os.version: '10.0', java.version: '17.0.5'
Driver info: org.openqa.selenium.chrome.ChromeDriver
Command: [5ea33e34b7858709bcdd90bf675db5bd, findChildElement {id=5e942edb-92af-4b45-9786-98a36c8f95a6, using=xpath, value=/html/body/section[1]/section/div/div/form/div/div/div[3]/div/div/div/div/ol/li[0]/div/div/div/select}]
Capabilities {acceptInsecureCerts: false, browserName: chrome, browserVersion: 108.0.5359.125, chrome: {chromedriverVersion: 108.0.5359.71 (1e0e3868ee06..., userDataDir: C:\Users\PRIYAN~1.SHA\AppDa...}, goog:chromeOptions: {debuggerAddress: localhost:53897}, networkConnectionEnabled: false, pageLoadStrategy: normal, platformName: WINDOWS, proxy: Proxy(), se:cdp: ws://localhost:53897/devtoo..., se:cdpVersion: 108.0.5359.125, setWindowRect: true, strictFileInteractability: false, timeouts: {implicit: 0, pageLoad: 300000, script: 30000}, unhandledPromptBehavior: dismiss and notify, webauthn:extension:credBlob: true, webauthn:extension:largeBlob: true, webauthn:virtualAuthenticators: true}
Session ID: 5ea33e34b7858709bcdd90bf675db5bd
23:53:50.953 [main] INFO  stepDefinitions.HomePageSteps - no such element: Unable to locate element: {"method":"xpath","selector":"//section[@id='data']//ul"}
  (Session info: chrome=108.0.5359.125)
For documentation on this error, please visit: https://selenium.dev/exceptions/#no_such_element
Build info: version: '4.7.1', revision: 'c6795baf1a3'
System info: os.name: 'Windows 10', os.arch: 'amd64', os.version: '10.0', java.version: '17.0.5'
Driver info: org.openqa.selenium.chrome.ChromeDriver
Command: [8c39e1527e43eb6d25716b82284aa78d, findElement {using=xpath, value=//section[@id='data']//ul}]
Capabilities {acceptInsecureCerts: false, browserName: chrome, browserVersion: 108.0.5359.125, chrome: {chromedriverVersion: 108.0.5359.71 (1e0e3868ee06..., userDataDir: C:\Users\PRIYAN~1.SHA\AppDa...}, goog:chromeOptions: {debuggerAddress: localhost:51485}, networkConnectionEnabled: false, pageLoadStrategy: normal, platformName: WINDOWS, proxy: Proxy(), se:cdp: ws://localhost:51485/devtoo..., se:cdpVersion: 108.0.5359.125, setWindowRect: true, strictFileInteractability: false, timeouts: {implicit: 0, pageLoad: 300000, script: 30000}, unhandledPromptBehavior: dismiss and notify, webauthn:extension:credBlob: true, webauthn:extension:largeBlob: true, webauthn:virtualAuthenticators: true}
Session ID: 8c39e1527e43eb6d25716b82284aa78d
00:06:01.487 [main] INFO  stepDefinitions.HomePageSteps - no such element: Unable to locate element: {"method":"tag name","selector":"h3"}
  (Session info: chrome=108.0.5359.125)
For documentation on this error, please visit: https://selenium.dev/exceptions/#no_such_element
Build info: version: '4.7.1', revision: 'c6795baf1a3'
System info: os.name: 'Windows 10', os.arch: 'amd64', os.version: '10.0', java.version: '17.0.5'
Driver info: org.openqa.selenium.chrome.ChromeDriver
Command: [91c7695d71c9caeb1f81264d0f65eac3, findChildElement {id=e5b55fe9-109a-4803-84d7-f783ca3d2a42, using=tag name, value=h3}]
Capabilities {acceptInsecureCerts: false, browserName: chrome, browserVersion: 108.0.5359.125, chrome: {chromedriverVersion: 108.0.5359.71 (1e0e3868ee06..., userDataDir: C:\Users\PRIYAN~1.SHA\AppDa...}, goog:chromeOptions: {debuggerAddress: localhost:52592}, networkConnectionEnabled: false, pageLoadStrategy: normal, platformName: WINDOWS, proxy: Proxy(), se:cdp: ws://localhost:52592/devtoo..., se:cdpVersion: 108.0.5359.125, setWindowRect: true, strictFileInteractability: false, timeouts: {implicit: 0, pageLoad: 300000, script: 30000}, unhandledPromptBehavior: dismiss and notify, webauthn:extension:credBlob: true, webauthn:extension:largeBlob: true, webauthn:virtualAuthenticators: true}
Session ID: 91c7695d71c9caeb1f81264d0f65eac3
00:13:38.430 [main] INFO  stepDefinitions.HomePageSteps - no such element: Unable to locate element: {"method":"tag name","selector":"h3"}
  (Session info: chrome=108.0.5359.125)
For documentation on this error, please visit: https://selenium.dev/exceptions/#no_such_element
Build info: version: '4.7.1', revision: 'c6795baf1a3'
System info: os.name: 'Windows 10', os.arch: 'amd64', os.version: '10.0', java.version: '17.0.5'
Driver info: org.openqa.selenium.chrome.ChromeDriver
Command: [307ba2665c59ebbcf8dfd3cf198968e2, findChildElement {id=b11dd37b-15e6-46c2-a17e-a16a7c074cd7, using=tag name, value=h3}]
Capabilities {acceptInsecureCerts: false, browserName: chrome, browserVersion: 108.0.5359.125, chrome: {chromedriverVersion: 108.0.5359.71 (1e0e3868ee06..., userDataDir: C:\Users\PRIYAN~1.SHA\AppDa...}, goog:chromeOptions: {debuggerAddress: localhost:53348}, networkConnectionEnabled: false, pageLoadStrategy: normal, platformName: WINDOWS, proxy: Proxy(), se:cdp: ws://localhost:53348/devtoo..., se:cdpVersion: 108.0.5359.125, setWindowRect: true, strictFileInteractability: false, timeouts: {implicit: 0, pageLoad: 300000, script: 30000}, unhandledPromptBehavior: dismiss and notify, webauthn:extension:credBlob: true, webauthn:extension:largeBlob: true, webauthn:virtualAuthenticators: true}
Session ID: 307ba2665c59ebbcf8dfd3cf198968e2
00:19:16.366 [main] INFO  stepDefinitions.HomePageSteps - no such element: Unable to locate element: {"method":"tag name","selector":"h3"}
  (Session info: chrome=108.0.5359.125)
For documentation on this error, please visit: https://selenium.dev/exceptions/#no_such_element
Build info: version: '4.7.1', revision: 'c6795baf1a3'
System info: os.name: 'Windows 10', os.arch: 'amd64', os.version: '10.0', java.version: '17.0.5'
Driver info: org.openqa.selenium.chrome.ChromeDriver
Command: [36d2de3b3666b54cbf0d29cd8f852c5b, findChildElement {id=3b4e1415-b345-4794-99fd-c8e0881a77f0, using=tag name, value=h3}]
Capabilities {acceptInsecureCerts: false, browserName: chrome, browserVersion: 108.0.5359.125, chrome: {chromedriverVersion: 108.0.5359.71 (1e0e3868ee06..., userDataDir: C:\Users\PRIYAN~1.SHA\AppDa...}, goog:chromeOptions: {debuggerAddress: localhost:53924}, networkConnectionEnabled: false, pageLoadStrategy: normal, platformName: WINDOWS, proxy: Proxy(), se:cdp: ws://localhost:53924/devtoo..., se:cdpVersion: 108.0.5359.125, setWindowRect: true, strictFileInteractability: false, timeouts: {implicit: 0, pageLoad: 300000, script: 30000}, unhandledPromptBehavior: dismiss and notify, webauthn:extension:credBlob: true, webauthn:extension:largeBlob: true, webauthn:virtualAuthenticators: true}
Session ID: 36d2de3b3666b54cbf0d29cd8f852c5b
00:23:12.748 [main] INFO  stepDefinitions.HomePageSteps - no such element: Unable to locate element: {"method":"tag name","selector":"h3"}
  (Session info: chrome=108.0.5359.125)
For documentation on this error, please visit: https://selenium.dev/exceptions/#no_such_element
Build info: version: '4.7.1', revision: 'c6795baf1a3'
System info: os.name: 'Windows 10', os.arch: 'amd64', os.version: '10.0', java.version: '17.0.5'
Driver info: org.openqa.selenium.chrome.ChromeDriver
Command: [c1f0b04cb8a8d319ccc06b5eaf506a1b, findChildElement {id=03f4cfea-17dd-4723-9c28-757ddedff530, using=tag name, value=h3}]
Capabilities {acceptInsecureCerts: false, browserName: chrome, browserVersion: 108.0.5359.125, chrome: {chromedriverVersion: 108.0.5359.71 (1e0e3868ee06..., userDataDir: C:\Users\PRIYAN~1.SHA\AppDa...}, goog:chromeOptions: {debuggerAddress: localhost:54319}, networkConnectionEnabled: false, pageLoadStrategy: normal, platformName: WINDOWS, proxy: Proxy(), se:cdp: ws://localhost:54319/devtoo..., se:cdpVersion: 108.0.5359.125, setWindowRect: true, strictFileInteractability: false, timeouts: {implicit: 0, pageLoad: 300000, script: 30000}, unhandledPromptBehavior: dismiss and notify, webauthn:extension:credBlob: true, webauthn:extension:largeBlob: true, webauthn:virtualAuthenticators: true}
Session ID: c1f0b04cb8a8d319ccc06b5eaf506a1b
00:28:33.697 [main] INFO  stepDefinitions.HomePageSteps - Cannot invoke "String.length()" because "spec" is null
21:47:16.277 [main] INFO  stepDefinitions.HomePageSteps - Cannot invoke "String.length()" because "spec" is null
21:52:51.784 [main] INFO  stepDefinitions.HomePageSteps - Cannot invoke "String.length()" because "spec" is null
21:57:30.581 [main] INFO  stepDefinitions.HomePageSteps - Cannot invoke "String.length()" because "spec" is null
23:16:33.371 [main] INFO  stepDefinitions.HomePageSteps - Incorrect thumbnail for hotel: Jumeirah Beach Hotel.
23:18:26.455 [main] INFO  stepDefinitions.HomePageSteps - Incorrect thumbnail for hotel: Jumeirah Beach Hotel.
00:27:25.321 [main] INFO  stepDefinitions.HomePageSteps - no such element: Unable to locate element: {"method":"xpath","selector":"//li[@id='Jumeirah Beach Hotel']//img[@alt='thumbnail']"}
  (Session info: chrome=108.0.5359.125)
For documentation on this error, please visit: https://selenium.dev/exceptions/#no_such_element
Build info: version: '4.7.1', revision: 'c6795baf1a3'
System info: os.name: 'Windows 10', os.arch: 'amd64', os.version: '10.0', java.version: '17.0.5'
Driver info: org.openqa.selenium.chrome.ChromeDriver
Command: [e4cc28da408dce15e57a35df398bb36e, findChildElement {id=3a0456f5-1c18-4955-98b4-d1a876af678c, using=xpath, value=//li[@id='Jumeirah Beach Hotel']//img[@alt='thumbnail']}]
Capabilities {acceptInsecureCerts: false, browserName: chrome, browserVersion: 108.0.5359.125, chrome: {chromedriverVersion: 108.0.5359.71 (1e0e3868ee06..., userDataDir: C:\Users\PRIYAN~1.SHA\AppDa...}, goog:chromeOptions: {debuggerAddress: localhost:61609}, networkConnectionEnabled: false, pageLoadStrategy: normal, platformName: WINDOWS, proxy: Proxy(), se:cdp: ws://localhost:61609/devtoo..., se:cdpVersion: 108.0.5359.125, setWindowRect: true, strictFileInteractability: false, timeouts: {implicit: 0, pageLoad: 300000, script: 30000}, unhandledPromptBehavior: dismiss and notify, webauthn:extension:credBlob: true, webauthn:extension:largeBlob: true, webauthn:virtualAuthenticators: true}
Session ID: e4cc28da408dce15e57a35df398bb36e
00:27:35.721 [main] INFO  stepDefinitions.HomePageSteps - no such element: Unable to locate element: {"method":"xpath","selector":"//li[@id='Jumeirah Beach Hotel']//span[@class='review__text']"}
  (Session info: chrome=108.0.5359.125)
For documentation on this error, please visit: https://selenium.dev/exceptions/#no_such_element
Build info: version: '4.7.1', revision: 'c6795baf1a3'
System info: os.name: 'Windows 10', os.arch: 'amd64', os.version: '10.0', java.version: '17.0.5'
Driver info: org.openqa.selenium.chrome.ChromeDriver
Command: [e4cc28da408dce15e57a35df398bb36e, findChildElement {id=3a0456f5-1c18-4955-98b4-d1a876af678c, using=xpath, value=//li[@id='Jumeirah Beach Hotel']//span[@class='review__text']}]
Capabilities {acceptInsecureCerts: false, browserName: chrome, browserVersion: 108.0.5359.125, chrome: {chromedriverVersion: 108.0.5359.71 (1e0e3868ee06..., userDataDir: C:\Users\PRIYAN~1.SHA\AppDa...}, goog:chromeOptions: {debuggerAddress: localhost:61609}, networkConnectionEnabled: false, pageLoadStrategy: normal, platformName: WINDOWS, proxy: Proxy(), se:cdp: ws://localhost:61609/devtoo..., se:cdpVersion: 108.0.5359.125, setWindowRect: true, strictFileInteractability: false, timeouts: {implicit: 0, pageLoad: 300000, script: 30000}, unhandledPromptBehavior: dismiss and notify, webauthn:extension:credBlob: true, webauthn:extension:largeBlob: true, webauthn:virtualAuthenticators: true}
Session ID: e4cc28da408dce15e57a35df398bb36e
00:27:36.124 [main] INFO  stepDefinitions.HomePageSteps - Compound class names not permitted
For documentation on this error, please visit: https://selenium.dev/exceptions/#invalid_selector_exception
Build info: version: '4.7.1', revision: 'c6795baf1a3'
System info: os.name: 'Windows 10', os.arch: 'amd64', os.version: '10.0', java.version: '17.0.5'
Driver info: driver.version: unknown
14:40:59.406 [main] INFO  stepDefinitions.HomePageSteps - Incorrect thumbnail for hotel: Jumeirah Beach Hotel.
14:40:59.752 [main] INFO  stepDefinitions.HomePageSteps - Compound class names not permitted
For documentation on this error, please visit: https://selenium.dev/exceptions/#invalid_selector_exception
Build info: version: '4.7.1', revision: 'c6795baf1a3'
System info: os.name: 'Windows 10', os.arch: 'amd64', os.version: '10.0', java.version: '17.0.5'
Driver info: driver.version: unknown
14:44:00.101 [main] INFO  stepDefinitions.HomePageSteps - Incorrect thumbnail for hotel: Jumeirah Beach Hotel.
16:24:09.698 [main] INFO  stepDefinitions.HomePageSteps - element click intercepted: Element is not clickable at point (1170, 728)
  (Session info: chrome=108.0.5359.125)
Build info: version: '4.7.1', revision: 'c6795baf1a3'
System info: os.name: 'Windows 10', os.arch: 'amd64', os.version: '10.0', java.version: '17.0.5'
Driver info: org.openqa.selenium.chrome.ChromeDriver
Command: [4ff9e1864d30e2a25e7cf5115fe8db63, clickElement {id=0b371813-65dc-4706-a1ae-0ecfcc72f239}]
Capabilities {acceptInsecureCerts: false, browserName: chrome, browserVersion: 108.0.5359.125, chrome: {chromedriverVersion: 108.0.5359.71 (1e0e3868ee06..., userDataDir: C:\Users\PRIYAN~1.SHA\AppDa...}, goog:chromeOptions: {debuggerAddress: localhost:63845}, networkConnectionEnabled: false, pageLoadStrategy: normal, platformName: WINDOWS, proxy: Proxy(), se:cdp: ws://localhost:63845/devtoo..., se:cdpVersion: 108.0.5359.125, setWindowRect: true, strictFileInteractability: false, timeouts: {implicit: 0, pageLoad: 300000, script: 30000}, unhandledPromptBehavior: dismiss and notify, webauthn:extension:credBlob: true, webauthn:extension:largeBlob: true, webauthn:virtualAuthenticators: true}
Element: [[[[[[[[ChromeDriver: chrome on WINDOWS (4ff9e1864d30e2a25e7cf5115fe8db63)] -> xpath: //section[@id='data']//ul]] -> tag name: li]] -> class name: card-price]] -> class name: ladda-label]
Session ID: 4ff9e1864d30e2a25e7cf5115fe8db63
16:24:19.776 [main] INFO  stepDefinitions.HomePageSteps - no such element: Unable to locate element: {"method":"link text","selector":"Hotel Details"}
  (Session info: chrome=108.0.5359.125)
For documentation on this error, please visit: https://selenium.dev/exceptions/#no_such_element
Build info: version: '4.7.1', revision: 'c6795baf1a3'
System info: os.name: 'Windows 10', os.arch: 'amd64', os.version: '10.0', java.version: '17.0.5'
Driver info: org.openqa.selenium.chrome.ChromeDriver
Command: [4ff9e1864d30e2a25e7cf5115fe8db63, findElement {using=link text, value=Hotel Details}]
Capabilities {acceptInsecureCerts: false, browserName: chrome, browserVersion: 108.0.5359.125, chrome: {chromedriverVersion: 108.0.5359.71 (1e0e3868ee06..., userDataDir: C:\Users\PRIYAN~1.SHA\AppDa...}, goog:chromeOptions: {debuggerAddress: localhost:63845}, networkConnectionEnabled: false, pageLoadStrategy: normal, platformName: WINDOWS, proxy: Proxy(), se:cdp: ws://localhost:63845/devtoo..., se:cdpVersion: 108.0.5359.125, setWindowRect: true, strictFileInteractability: false, timeouts: {implicit: 0, pageLoad: 300000, script: 30000}, unhandledPromptBehavior: dismiss and notify, webauthn:extension:credBlob: true, webauthn:extension:largeBlob: true, webauthn:virtualAuthenticators: true}
Session ID: 4ff9e1864d30e2a25e7cf5115fe8db63
21:15:30.486 [main] INFO  stepDefinitions.HomePageSteps - element click intercepted: Element is not clickable at point (1170, 728)
  (Session info: chrome=108.0.5359.125)
Build info: version: '4.7.1', revision: 'c6795baf1a3'
System info: os.name: 'Windows 10', os.arch: 'amd64', os.version: '10.0', java.version: '17.0.5'
Driver info: org.openqa.selenium.chrome.ChromeDriver
Command: [dd2695415029e3198f2540494134c4f0, clickElement {id=110ec1ce-9d2f-4110-b3b3-ce96d5a13711}]
Capabilities {acceptInsecureCerts: false, browserName: chrome, browserVersion: 108.0.5359.125, chrome: {chromedriverVersion: 108.0.5359.71 (1e0e3868ee06..., userDataDir: C:\Users\PRIYAN~1.SHA\AppDa...}, goog:chromeOptions: {debuggerAddress: localhost:49411}, networkConnectionEnabled: false, pageLoadStrategy: normal, platformName: WINDOWS, proxy: Proxy(), se:cdp: ws://localhost:49411/devtoo..., se:cdpVersion: 108.0.5359.125, setWindowRect: true, strictFileInteractability: false, timeouts: {implicit: 0, pageLoad: 300000, script: 30000}, unhandledPromptBehavior: dismiss and notify, webauthn:extension:credBlob: true, webauthn:extension:largeBlob: true, webauthn:virtualAuthenticators: true}
Element: [[[[[[[[ChromeDriver: chrome on WINDOWS (dd2695415029e3198f2540494134c4f0)] -> xpath: //section[@id='data']//ul]] -> tag name: li]] -> class name: card-price]] -> class name: ladda-label]
Session ID: dd2695415029e3198f2540494134c4f0
21:15:40.579 [main] INFO  stepDefinitions.HomePageSteps - no such element: Unable to locate element: {"method":"link text","selector":"Hotel Details"}
  (Session info: chrome=108.0.5359.125)
For documentation on this error, please visit: https://selenium.dev/exceptions/#no_such_element
Build info: version: '4.7.1', revision: 'c6795baf1a3'
System info: os.name: 'Windows 10', os.arch: 'amd64', os.version: '10.0', java.version: '17.0.5'
Driver info: org.openqa.selenium.chrome.ChromeDriver
Command: [dd2695415029e3198f2540494134c4f0, findElement {using=link text, value=Hotel Details}]
Capabilities {acceptInsecureCerts: false, browserName: chrome, browserVersion: 108.0.5359.125, chrome: {chromedriverVersion: 108.0.5359.71 (1e0e3868ee06..., userDataDir: C:\Users\PRIYAN~1.SHA\AppDa...}, goog:chromeOptions: {debuggerAddress: localhost:49411}, networkConnectionEnabled: false, pageLoadStrategy: normal, platformName: WINDOWS, proxy: Proxy(), se:cdp: ws://localhost:49411/devtoo..., se:cdpVersion: 108.0.5359.125, setWindowRect: true, strictFileInteractability: false, timeouts: {implicit: 0, pageLoad: 300000, script: 30000}, unhandledPromptBehavior: dismiss and notify, webauthn:extension:credBlob: true, webauthn:extension:largeBlob: true, webauthn:virtualAuthenticators: true}
Session ID: dd2695415029e3198f2540494134c4f0
21:23:57.864 [main] INFO  stepDefinitions.HomePageSteps - element click intercepted: Element is not clickable at point (1170, -6)
  (Session info: chrome=108.0.5359.125)
Build info: version: '4.7.1', revision: 'c6795baf1a3'
System info: os.name: 'Windows 10', os.arch: 'amd64', os.version: '10.0', java.version: '17.0.5'
Driver info: org.openqa.selenium.chrome.ChromeDriver
Command: [28fffc2d480815390856f8cb91de455b, clickElement {id=23016462-d07d-4615-9fa6-bf91cefee6ee}]
Capabilities {acceptInsecureCerts: false, browserName: chrome, browserVersion: 108.0.5359.125, chrome: {chromedriverVersion: 108.0.5359.71 (1e0e3868ee06..., userDataDir: C:\Users\PRIYAN~1.SHA\AppDa...}, goog:chromeOptions: {debuggerAddress: localhost:50789}, networkConnectionEnabled: false, pageLoadStrategy: normal, platformName: WINDOWS, proxy: Proxy(), se:cdp: ws://localhost:50789/devtoo..., se:cdpVersion: 108.0.5359.125, setWindowRect: true, strictFileInteractability: false, timeouts: {implicit: 0, pageLoad: 300000, script: 30000}, unhandledPromptBehavior: dismiss and notify, webauthn:extension:credBlob: true, webauthn:extension:largeBlob: true, webauthn:virtualAuthenticators: true}
Element: [[[[[[[[ChromeDriver: chrome on WINDOWS (28fffc2d480815390856f8cb91de455b)] -> xpath: //section[@id='data']//ul]] -> tag name: li]] -> class name: card-price]] -> class name: ladda-label]
Session ID: 28fffc2d480815390856f8cb91de455b
21:24:07.925 [main] INFO  stepDefinitions.HomePageSteps - no such element: Unable to locate element: {"method":"link text","selector":"Hotel Details"}
  (Session info: chrome=108.0.5359.125)
For documentation on this error, please visit: https://selenium.dev/exceptions/#no_such_element
Build info: version: '4.7.1', revision: 'c6795baf1a3'
System info: os.name: 'Windows 10', os.arch: 'amd64', os.version: '10.0', java.version: '17.0.5'
Driver info: org.openqa.selenium.chrome.ChromeDriver
Command: [28fffc2d480815390856f8cb91de455b, findElement {using=link text, value=Hotel Details}]
Capabilities {acceptInsecureCerts: false, browserName: chrome, browserVersion: 108.0.5359.125, chrome: {chromedriverVersion: 108.0.5359.71 (1e0e3868ee06..., userDataDir: C:\Users\PRIYAN~1.SHA\AppDa...}, goog:chromeOptions: {debuggerAddress: localhost:50789}, networkConnectionEnabled: false, pageLoadStrategy: normal, platformName: WINDOWS, proxy: Proxy(), se:cdp: ws://localhost:50789/devtoo..., se:cdpVersion: 108.0.5359.125, setWindowRect: true, strictFileInteractability: false, timeouts: {implicit: 0, pageLoad: 300000, script: 30000}, unhandledPromptBehavior: dismiss and notify, webauthn:extension:credBlob: true, webauthn:extension:largeBlob: true, webauthn:virtualAuthenticators: true}
Session ID: 28fffc2d480815390856f8cb91de455b
21:33:11.453 [main] INFO  stepDefinitions.HomePageSteps - element click intercepted: Element is not clickable at point (1170, 728)
  (Session info: chrome=108.0.5359.125)
Build info: version: '4.7.1', revision: 'c6795baf1a3'
System info: os.name: 'Windows 10', os.arch: 'amd64', os.version: '10.0', java.version: '17.0.5'
Driver info: org.openqa.selenium.chrome.ChromeDriver
Command: [bf7c1fc596ce3ca0bbb94037f019d160, clickElement {id=8b7ac4b7-9d1f-4fc3-abf8-611523309a62}]
Capabilities {acceptInsecureCerts: false, browserName: chrome, browserVersion: 108.0.5359.125, chrome: {chromedriverVersion: 108.0.5359.71 (1e0e3868ee06..., userDataDir: C:\Users\PRIYAN~1.SHA\AppDa...}, goog:chromeOptions: {debuggerAddress: localhost:51789}, networkConnectionEnabled: false, pageLoadStrategy: normal, platformName: WINDOWS, proxy: Proxy(), se:cdp: ws://localhost:51789/devtoo..., se:cdpVersion: 108.0.5359.125, setWindowRect: true, strictFileInteractability: false, timeouts: {implicit: 0, pageLoad: 300000, script: 30000}, unhandledPromptBehavior: dismiss and notify, webauthn:extension:credBlob: true, webauthn:extension:largeBlob: true, webauthn:virtualAuthenticators: true}
Element: [[[[[[[[ChromeDriver: chrome on WINDOWS (bf7c1fc596ce3ca0bbb94037f019d160)] -> xpath: //section[@id='data']//ul]] -> tag name: li]] -> class name: card-price]] -> class name: ladda-label]
Session ID: bf7c1fc596ce3ca0bbb94037f019d160
21:33:21.495 [main] INFO  stepDefinitions.HomePageSteps - no such element: Unable to locate element: {"method":"link text","selector":"Hotel Details"}
  (Session info: chrome=108.0.5359.125)
For documentation on this error, please visit: https://selenium.dev/exceptions/#no_such_element
Build info: version: '4.7.1', revision: 'c6795baf1a3'
System info: os.name: 'Windows 10', os.arch: 'amd64', os.version: '10.0', java.version: '17.0.5'
Driver info: org.openqa.selenium.chrome.ChromeDriver
Command: [bf7c1fc596ce3ca0bbb94037f019d160, findElement {using=link text, value=Hotel Details}]
Capabilities {acceptInsecureCerts: false, browserName: chrome, browserVersion: 108.0.5359.125, chrome: {chromedriverVersion: 108.0.5359.71 (1e0e3868ee06..., userDataDir: C:\Users\PRIYAN~1.SHA\AppDa...}, goog:chromeOptions: {debuggerAddress: localhost:51789}, networkConnectionEnabled: false, pageLoadStrategy: normal, platformName: WINDOWS, proxy: Proxy(), se:cdp: ws://localhost:51789/devtoo..., se:cdpVersion: 108.0.5359.125, setWindowRect: true, strictFileInteractability: false, timeouts: {implicit: 0, pageLoad: 300000, script: 30000}, unhandledPromptBehavior: dismiss and notify, webauthn:extension:credBlob: true, webauthn:extension:largeBlob: true, webauthn:virtualAuthenticators: true}
Session ID: bf7c1fc596ce3ca0bbb94037f019d160
21:35:35.734 [main] INFO  stepDefinitions.HomePageSteps - element click intercepted: Element is not clickable at point (1170, -6)
  (Session info: chrome=108.0.5359.125)
Build info: version: '4.7.1', revision: 'c6795baf1a3'
System info: os.name: 'Windows 10', os.arch: 'amd64', os.version: '10.0', java.version: '17.0.5'
Driver info: org.openqa.selenium.chrome.ChromeDriver
Command: [38651f524fd9ff3cab0b18043015c216, clickElement {id=09f2eba7-5acf-419b-862f-06e0d1eaa02d}]
Capabilities {acceptInsecureCerts: false, browserName: chrome, browserVersion: 108.0.5359.125, chrome: {chromedriverVersion: 108.0.5359.71 (1e0e3868ee06..., userDataDir: C:\Users\PRIYAN~1.SHA\AppDa...}, goog:chromeOptions: {debuggerAddress: localhost:52039}, networkConnectionEnabled: false, pageLoadStrategy: normal, platformName: WINDOWS, proxy: Proxy(), se:cdp: ws://localhost:52039/devtoo..., se:cdpVersion: 108.0.5359.125, setWindowRect: true, strictFileInteractability: false, timeouts: {implicit: 0, pageLoad: 300000, script: 30000}, unhandledPromptBehavior: dismiss and notify, webauthn:extension:credBlob: true, webauthn:extension:largeBlob: true, webauthn:virtualAuthenticators: true}
Element: [[[[[[[[ChromeDriver: chrome on WINDOWS (38651f524fd9ff3cab0b18043015c216)] -> xpath: //section[@id='data']//ul]] -> tag name: li]] -> class name: card-price]] -> class name: ladda-label]
Session ID: 38651f524fd9ff3cab0b18043015c216
21:35:45.782 [main] INFO  stepDefinitions.HomePageSteps - no such element: Unable to locate element: {"method":"link text","selector":"Hotel Details"}
  (Session info: chrome=108.0.5359.125)
For documentation on this error, please visit: https://selenium.dev/exceptions/#no_such_element
Build info: version: '4.7.1', revision: 'c6795baf1a3'
System info: os.name: 'Windows 10', os.arch: 'amd64', os.version: '10.0', java.version: '17.0.5'
Driver info: org.openqa.selenium.chrome.ChromeDriver
Command: [38651f524fd9ff3cab0b18043015c216, findElement {using=link text, value=Hotel Details}]
Capabilities {acceptInsecureCerts: false, browserName: chrome, browserVersion: 108.0.5359.125, chrome: {chromedriverVersion: 108.0.5359.71 (1e0e3868ee06..., userDataDir: C:\Users\PRIYAN~1.SHA\AppDa...}, goog:chromeOptions: {debuggerAddress: localhost:52039}, networkConnectionEnabled: false, pageLoadStrategy: normal, platformName: WINDOWS, proxy: Proxy(), se:cdp: ws://localhost:52039/devtoo..., se:cdpVersion: 108.0.5359.125, setWindowRect: true, strictFileInteractability: false, timeouts: {implicit: 0, pageLoad: 300000, script: 30000}, unhandledPromptBehavior: dismiss and notify, webauthn:extension:credBlob: true, webauthn:extension:largeBlob: true, webauthn:virtualAuthenticators: true}
Session ID: 38651f524fd9ff3cab0b18043015c216
21:43:08.354 [main] INFO  stepDefinitions.HomePageSteps - element click intercepted: Element is not clickable at point (1170, 728)
  (Session info: chrome=108.0.5359.125)
Build info: version: '4.7.1', revision: 'c6795baf1a3'
System info: os.name: 'Windows 10', os.arch: 'amd64', os.version: '10.0', java.version: '17.0.5'
Driver info: org.openqa.selenium.chrome.ChromeDriver
Command: [048e0d6096efbbe2e73937430f77616b, clickElement {id=38a004c9-805b-4944-9d7a-64b86d2a5eca}]
Capabilities {acceptInsecureCerts: false, browserName: chrome, browserVersion: 108.0.5359.125, chrome: {chromedriverVersion: 108.0.5359.71 (1e0e3868ee06..., userDataDir: C:\Users\PRIYAN~1.SHA\AppDa...}, goog:chromeOptions: {debuggerAddress: localhost:52824}, networkConnectionEnabled: false, pageLoadStrategy: normal, platformName: WINDOWS, proxy: Proxy(), se:cdp: ws://localhost:52824/devtoo..., se:cdpVersion: 108.0.5359.125, setWindowRect: true, strictFileInteractability: false, timeouts: {implicit: 0, pageLoad: 300000, script: 30000}, unhandledPromptBehavior: dismiss and notify, webauthn:extension:credBlob: true, webauthn:extension:largeBlob: true, webauthn:virtualAuthenticators: true}
Element: [[[[[[[[ChromeDriver: chrome on WINDOWS (048e0d6096efbbe2e73937430f77616b)] -> xpath: //section[@id='data']//ul]] -> tag name: li]] -> class name: card-price]] -> xpath: //li[@id='alzer hotel istanbul']//span[@class='ladda-label'][normalize-space()='Details']]
Session ID: 048e0d6096efbbe2e73937430f77616b
21:43:18.411 [main] INFO  stepDefinitions.HomePageSteps - no such element: Unable to locate element: {"method":"link text","selector":"Hotel Details"}
  (Session info: chrome=108.0.5359.125)
For documentation on this error, please visit: https://selenium.dev/exceptions/#no_such_element
Build info: version: '4.7.1', revision: 'c6795baf1a3'
System info: os.name: 'Windows 10', os.arch: 'amd64', os.version: '10.0', java.version: '17.0.5'
Driver info: org.openqa.selenium.chrome.ChromeDriver
Command: [048e0d6096efbbe2e73937430f77616b, findElement {using=link text, value=Hotel Details}]
Capabilities {acceptInsecureCerts: false, browserName: chrome, browserVersion: 108.0.5359.125, chrome: {chromedriverVersion: 108.0.5359.71 (1e0e3868ee06..., userDataDir: C:\Users\PRIYAN~1.SHA\AppDa...}, goog:chromeOptions: {debuggerAddress: localhost:52824}, networkConnectionEnabled: false, pageLoadStrategy: normal, platformName: WINDOWS, proxy: Proxy(), se:cdp: ws://localhost:52824/devtoo..., se:cdpVersion: 108.0.5359.125, setWindowRect: true, strictFileInteractability: false, timeouts: {implicit: 0, pageLoad: 300000, script: 30000}, unhandledPromptBehavior: dismiss and notify, webauthn:extension:credBlob: true, webauthn:extension:largeBlob: true, webauthn:virtualAuthenticators: true}
Session ID: 048e0d6096efbbe2e73937430f77616b
21:45:39.616 [main] INFO  stepDefinitions.HomePageSteps - element click intercepted: Element is not clickable at point (1170, -6)
  (Session info: chrome=108.0.5359.125)
Build info: version: '4.7.1', revision: 'c6795baf1a3'
System info: os.name: 'Windows 10', os.arch: 'amd64', os.version: '10.0', java.version: '17.0.5'
Driver info: org.openqa.selenium.chrome.ChromeDriver
Command: [4d0b9553692fe8a7cbf02414f81f2373, clickElement {id=f5343a43-9958-47b2-a3aa-711b24df9b4c}]
Capabilities {acceptInsecureCerts: false, browserName: chrome, browserVersion: 108.0.5359.125, chrome: {chromedriverVersion: 108.0.5359.71 (1e0e3868ee06..., userDataDir: C:\Users\PRIYAN~1.SHA\AppDa...}, goog:chromeOptions: {debuggerAddress: localhost:53136}, networkConnectionEnabled: false, pageLoadStrategy: normal, platformName: WINDOWS, proxy: Proxy(), se:cdp: ws://localhost:53136/devtoo..., se:cdpVersion: 108.0.5359.125, setWindowRect: true, strictFileInteractability: false, timeouts: {implicit: 0, pageLoad: 300000, script: 30000}, unhandledPromptBehavior: dismiss and notify, webauthn:extension:credBlob: true, webauthn:extension:largeBlob: true, webauthn:virtualAuthenticators: true}
Element: [[[[[[[[ChromeDriver: chrome on WINDOWS (4d0b9553692fe8a7cbf02414f81f2373)] -> xpath: //section[@id='data']//ul]] -> tag name: li]] -> class name: card-price]] -> xpath: //li[@id='alzer hotel istanbul']//span[@class='ladda-label'][normalize-space()='Details']]
Session ID: 4d0b9553692fe8a7cbf02414f81f2373
21:45:49.646 [main] INFO  stepDefinitions.HomePageSteps - no such element: Unable to locate element: {"method":"link text","selector":"Hotel Details"}
  (Session info: chrome=108.0.5359.125)
For documentation on this error, please visit: https://selenium.dev/exceptions/#no_such_element
Build info: version: '4.7.1', revision: 'c6795baf1a3'
System info: os.name: 'Windows 10', os.arch: 'amd64', os.version: '10.0', java.version: '17.0.5'
Driver info: org.openqa.selenium.chrome.ChromeDriver
Command: [4d0b9553692fe8a7cbf02414f81f2373, findElement {using=link text, value=Hotel Details}]
Capabilities {acceptInsecureCerts: false, browserName: chrome, browserVersion: 108.0.5359.125, chrome: {chromedriverVersion: 108.0.5359.71 (1e0e3868ee06..., userDataDir: C:\Users\PRIYAN~1.SHA\AppDa...}, goog:chromeOptions: {debuggerAddress: localhost:53136}, networkConnectionEnabled: false, pageLoadStrategy: normal, platformName: WINDOWS, proxy: Proxy(), se:cdp: ws://localhost:53136/devtoo..., se:cdpVersion: 108.0.5359.125, setWindowRect: true, strictFileInteractability: false, timeouts: {implicit: 0, pageLoad: 300000, script: 30000}, unhandledPromptBehavior: dismiss and notify, webauthn:extension:credBlob: true, webauthn:extension:largeBlob: true, webauthn:virtualAuthenticators: true}
Session ID: 4d0b9553692fe8a7cbf02414f81f2373
21:50:02.244 [main] INFO  stepDefinitions.HomePageSteps - element click intercepted: Element is not clickable at point (1170, -44)
  (Session info: chrome=108.0.5359.125)
Build info: version: '4.7.1', revision: 'c6795baf1a3'
System info: os.name: 'Windows 10', os.arch: 'amd64', os.version: '10.0', java.version: '17.0.5'
Driver info: org.openqa.selenium.chrome.ChromeDriver
Command: [ec9b5fd0a047e805015ada600cfda466, clickElement {id=7c1bed24-7cac-4c8b-a15a-af9b35fee9b7}]
Capabilities {acceptInsecureCerts: false, browserName: chrome, browserVersion: 108.0.5359.125, chrome: {chromedriverVersion: 108.0.5359.71 (1e0e3868ee06..., userDataDir: C:\Users\PRIYAN~1.SHA\AppDa...}, goog:chromeOptions: {debuggerAddress: localhost:53588}, networkConnectionEnabled: false, pageLoadStrategy: normal, platformName: WINDOWS, proxy: Proxy(), se:cdp: ws://localhost:53588/devtoo..., se:cdpVersion: 108.0.5359.125, setWindowRect: true, strictFileInteractability: false, timeouts: {implicit: 0, pageLoad: 300000, script: 30000}, unhandledPromptBehavior: dismiss and notify, webauthn:extension:credBlob: true, webauthn:extension:largeBlob: true, webauthn:virtualAuthenticators: true}
Element: [[[[[[[[ChromeDriver: chrome on WINDOWS (ec9b5fd0a047e805015ada600cfda466)] -> xpath: //section[@id='data']//ul]] -> tag name: li]] -> class name: card-price]] -> xpath: //li[@id='alzer hotel istanbul']//span[@class='ladda-label'][normalize-space()='Details']]
Session ID: ec9b5fd0a047e805015ada600cfda466
21:50:12.290 [main] INFO  stepDefinitions.HomePageSteps - no such element: Unable to locate element: {"method":"link text","selector":"Hotel Details"}
  (Session info: chrome=108.0.5359.125)
For documentation on this error, please visit: https://selenium.dev/exceptions/#no_such_element
Build info: version: '4.7.1', revision: 'c6795baf1a3'
System info: os.name: 'Windows 10', os.arch: 'amd64', os.version: '10.0', java.version: '17.0.5'
Driver info: org.openqa.selenium.chrome.ChromeDriver
Command: [ec9b5fd0a047e805015ada600cfda466, findElement {using=link text, value=Hotel Details}]
Capabilities {acceptInsecureCerts: false, browserName: chrome, browserVersion: 108.0.5359.125, chrome: {chromedriverVersion: 108.0.5359.71 (1e0e3868ee06..., userDataDir: C:\Users\PRIYAN~1.SHA\AppDa...}, goog:chromeOptions: {debuggerAddress: localhost:53588}, networkConnectionEnabled: false, pageLoadStrategy: normal, platformName: WINDOWS, proxy: Proxy(), se:cdp: ws://localhost:53588/devtoo..., se:cdpVersion: 108.0.5359.125, setWindowRect: true, strictFileInteractability: false, timeouts: {implicit: 0, pageLoad: 300000, script: 30000}, unhandledPromptBehavior: dismiss and notify, webauthn:extension:credBlob: true, webauthn:extension:largeBlob: true, webauthn:virtualAuthenticators: true}
Session ID: ec9b5fd0a047e805015ada600cfda466
22:00:42.119 [main] INFO  stepDefinitions.HomePageSteps - element click intercepted: Element is not clickable at point (1170, -83)
  (Session info: chrome=108.0.5359.125)
Build info: version: '4.7.1', revision: 'c6795baf1a3'
System info: os.name: 'Windows 10', os.arch: 'amd64', os.version: '10.0', java.version: '17.0.5'
Driver info: org.openqa.selenium.chrome.ChromeDriver
Command: [ad522c7d30b907571ac70bbdd924a8c1, clickElement {id=2659cdf1-91d2-4654-ac27-30678181cbaa}]
Capabilities {acceptInsecureCerts: false, browserName: chrome, browserVersion: 108.0.5359.125, chrome: {chromedriverVersion: 108.0.5359.71 (1e0e3868ee06..., userDataDir: C:\Users\PRIYAN~1.SHA\AppDa...}, goog:chromeOptions: {debuggerAddress: localhost:54591}, networkConnectionEnabled: false, pageLoadStrategy: normal, platformName: WINDOWS, proxy: Proxy(), se:cdp: ws://localhost:54591/devtoo..., se:cdpVersion: 108.0.5359.125, setWindowRect: true, strictFileInteractability: false, timeouts: {implicit: 0, pageLoad: 300000, script: 30000}, unhandledPromptBehavior: dismiss and notify, webauthn:extension:credBlob: true, webauthn:extension:largeBlob: true, webauthn:virtualAuthenticators: true}
Element: [[[[[[[[ChromeDriver: chrome on WINDOWS (ad522c7d30b907571ac70bbdd924a8c1)] -> xpath: //section[@id='data']//ul]] -> tag name: li]] -> class name: card-price]] -> xpath: //li[@id='alzer hotel istanbul']//span[@class='ladda-label'][normalize-space()='Details']]
Session ID: ad522c7d30b907571ac70bbdd924a8c1
22:00:52.144 [main] INFO  stepDefinitions.HomePageSteps - no such element: Unable to locate element: {"method":"link text","selector":"Hotel Details"}
  (Session info: chrome=108.0.5359.125)
For documentation on this error, please visit: https://selenium.dev/exceptions/#no_such_element
Build info: version: '4.7.1', revision: 'c6795baf1a3'
System info: os.name: 'Windows 10', os.arch: 'amd64', os.version: '10.0', java.version: '17.0.5'
Driver info: org.openqa.selenium.chrome.ChromeDriver
Command: [ad522c7d30b907571ac70bbdd924a8c1, findElement {using=link text, value=Hotel Details}]
Capabilities {acceptInsecureCerts: false, browserName: chrome, browserVersion: 108.0.5359.125, chrome: {chromedriverVersion: 108.0.5359.71 (1e0e3868ee06..., userDataDir: C:\Users\PRIYAN~1.SHA\AppDa...}, goog:chromeOptions: {debuggerAddress: localhost:54591}, networkConnectionEnabled: false, pageLoadStrategy: normal, platformName: WINDOWS, proxy: Proxy(), se:cdp: ws://localhost:54591/devtoo..., se:cdpVersion: 108.0.5359.125, setWindowRect: true, strictFileInteractability: false, timeouts: {implicit: 0, pageLoad: 300000, script: 30000}, unhandledPromptBehavior: dismiss and notify, webauthn:extension:credBlob: true, webauthn:extension:largeBlob: true, webauthn:virtualAuthenticators: true}
Session ID: ad522c7d30b907571ac70bbdd924a8c1
22:08:52.186 [main] INFO  stepDefinitions.HomePageSteps - element click intercepted: Element is not clickable at point (1170, 728)
  (Session info: chrome=108.0.5359.125)
Build info: version: '4.7.1', revision: 'c6795baf1a3'
System info: os.name: 'Windows 10', os.arch: 'amd64', os.version: '10.0', java.version: '17.0.5'
Driver info: org.openqa.selenium.chrome.ChromeDriver
Command: [007dbd941a1ccf303f4ba1a2eceabe69, clickElement {id=24b06d90-2f74-4ff1-85a9-6e747f933073}]
Capabilities {acceptInsecureCerts: false, browserName: chrome, browserVersion: 108.0.5359.125, chrome: {chromedriverVersion: 108.0.5359.71 (1e0e3868ee06..., userDataDir: C:\Users\PRIYAN~1.SHA\AppDa...}, goog:chromeOptions: {debuggerAddress: localhost:55419}, networkConnectionEnabled: false, pageLoadStrategy: normal, platformName: WINDOWS, proxy: Proxy(), se:cdp: ws://localhost:55419/devtoo..., se:cdpVersion: 108.0.5359.125, setWindowRect: true, strictFileInteractability: false, timeouts: {implicit: 0, pageLoad: 300000, script: 30000}, unhandledPromptBehavior: dismiss and notify, webauthn:extension:credBlob: true, webauthn:extension:largeBlob: true, webauthn:virtualAuthenticators: true}
Element: [[[[[[[[ChromeDriver: chrome on WINDOWS (007dbd941a1ccf303f4ba1a2eceabe69)] -> xpath: //section[@id='data']//ul]] -> tag name: li]] -> class name: card-price]] -> xpath: //li[@id='alzer hotel istanbul']//span[@class='ladda-label'][normalize-space()='Details']]
Session ID: 007dbd941a1ccf303f4ba1a2eceabe69
